{"/Users/LukeNukem/Documents/Projects/Makopolis/test/homepageSpec.js":{"path":"/Users/LukeNukem/Documents/Projects/Makopolis/test/homepageSpec.js","s":{"1":1,"2":0,"3":0,"4":0,"5":0,"6":0,"7":0,"8":0,"9":0,"10":0,"11":0,"12":0,"13":0,"14":0,"15":0,"16":0,"17":0,"18":0,"19":0,"20":0,"21":0,"22":0,"23":0},"b":{},"f":{"1":0,"2":0,"3":0,"4":0,"5":0,"6":0,"7":0,"8":0,"9":0,"10":0,"11":0,"12":0,"13":0,"14":0,"15":0},"fnMap":{"1":{"name":"(anonymous_1)","line":1,"loc":{"start":{"line":1,"column":22},"end":{"line":1,"column":32}}},"2":{"name":"(anonymous_2)","line":2,"loc":{"start":{"line":2,"column":9},"end":{"line":2,"column":20}}},"3":{"name":"(anonymous_3)","line":6,"loc":{"start":{"line":6,"column":19},"end":{"line":6,"column":30}}},"4":{"name":"(anonymous_4)","line":7,"loc":{"start":{"line":7,"column":16},"end":{"line":7,"column":27}}},"5":{"name":"(anonymous_5)","line":12,"loc":{"start":{"line":12,"column":46},"end":{"line":12,"column":57}}},"6":{"name":"(anonymous_6)","line":13,"loc":{"start":{"line":13,"column":15},"end":{"line":13,"column":26}}},"7":{"name":"(anonymous_7)","line":18,"loc":{"start":{"line":18,"column":38},"end":{"line":18,"column":48}}},"8":{"name":"(anonymous_8)","line":19,"loc":{"start":{"line":19,"column":15},"end":{"line":19,"column":26}}},"9":{"name":"(anonymous_9)","line":24,"loc":{"start":{"line":24,"column":45},"end":{"line":24,"column":56}}},"10":{"name":"(anonymous_10)","line":25,"loc":{"start":{"line":25,"column":15},"end":{"line":25,"column":26}}},"11":{"name":"(anonymous_11)","line":31,"loc":{"start":{"line":31,"column":53},"end":{"line":31,"column":63}}},"12":{"name":"(anonymous_12)","line":32,"loc":{"start":{"line":32,"column":15},"end":{"line":32,"column":26}}},"13":{"name":"(anonymous_13)","line":45,"loc":{"start":{"line":45,"column":52},"end":{"line":45,"column":62}}},"14":{"name":"(anonymous_14)","line":46,"loc":{"start":{"line":46,"column":16},"end":{"line":46,"column":27}}},"15":{"name":"(anonymous_15)","line":47,"loc":{"start":{"line":47,"column":21},"end":{"line":47,"column":31}}}},"statementMap":{"1":{"start":{"line":1,"column":0},"end":{"line":52,"column":3}},"2":{"start":{"line":2,"column":2},"end":{"line":4,"column":5}},"3":{"start":{"line":3,"column":4},"end":{"line":3,"column":43}},"4":{"start":{"line":6,"column":2},"end":{"line":10,"column":5}},"5":{"start":{"line":7,"column":4},"end":{"line":9,"column":7}},"6":{"start":{"line":8,"column":6},"end":{"line":8,"column":45}},"7":{"start":{"line":12,"column":2},"end":{"line":16,"column":5}},"8":{"start":{"line":13,"column":3},"end":{"line":15,"column":6}},"9":{"start":{"line":14,"column":5},"end":{"line":14,"column":68}},"10":{"start":{"line":18,"column":2},"end":{"line":22,"column":5}},"11":{"start":{"line":19,"column":3},"end":{"line":21,"column":6}},"12":{"start":{"line":20,"column":4},"end":{"line":20,"column":53}},"13":{"start":{"line":24,"column":2},"end":{"line":29,"column":5}},"14":{"start":{"line":25,"column":3},"end":{"line":28,"column":6}},"15":{"start":{"line":26,"column":4},"end":{"line":26,"column":40}},"16":{"start":{"line":27,"column":4},"end":{"line":27,"column":47}},"17":{"start":{"line":31,"column":2},"end":{"line":36,"column":5}},"18":{"start":{"line":32,"column":3},"end":{"line":35,"column":6}},"19":{"start":{"line":33,"column":4},"end":{"line":33,"column":40}},"20":{"start":{"line":34,"column":4},"end":{"line":34,"column":63}},"21":{"start":{"line":45,"column":3},"end":{"line":51,"column":6}},"22":{"start":{"line":46,"column":4},"end":{"line":50,"column":7}},"23":{"start":{"line":47,"column":5},"end":{"line":49,"column":8}}},"branchMap":{}}}