TN:
SF:/Users/LukeNukem/Documents/Projects/Makopolis/test/homepageSpec.js
FN:1,(anonymous_1)
FN:2,(anonymous_2)
FN:6,(anonymous_3)
FN:7,(anonymous_4)
FN:12,(anonymous_5)
FN:13,(anonymous_6)
FN:18,(anonymous_7)
FN:19,(anonymous_8)
FN:24,(anonymous_9)
FN:25,(anonymous_10)
FN:31,(anonymous_11)
FN:32,(anonymous_12)
FN:45,(anonymous_13)
FN:46,(anonymous_14)
FN:47,(anonymous_15)
FNF:15
FNH:0
FNDA:0,(anonymous_1)
FNDA:0,(anonymous_2)
FNDA:0,(anonymous_3)
FNDA:0,(anonymous_4)
FNDA:0,(anonymous_5)
FNDA:0,(anonymous_6)
FNDA:0,(anonymous_7)
FNDA:0,(anonymous_8)
FNDA:0,(anonymous_9)
FNDA:0,(anonymous_10)
FNDA:0,(anonymous_11)
FNDA:0,(anonymous_12)
FNDA:0,(anonymous_13)
FNDA:0,(anonymous_14)
FNDA:0,(anonymous_15)
DA:1,1
DA:2,0
DA:3,0
DA:6,0
DA:7,0
DA:8,0
DA:12,0
DA:13,0
DA:14,0
DA:18,0
DA:19,0
DA:20,0
DA:24,0
DA:25,0
DA:26,0
DA:27,0
DA:31,0
DA:32,0
DA:33,0
DA:34,0
DA:45,0
DA:46,0
DA:47,0
LF:23
LH:1
BRF:0
BRH:0
end_of_record
