{"/Users/LukeNukem/Documents/Projects/Makopolis/spec/bankSpec.js":{"path":"/Users/LukeNukem/Documents/Projects/Makopolis/spec/bankSpec.js","s":{"1":1,"2":0,"3":0,"4":0,"5":0,"6":0,"7":0,"8":0,"9":0,"10":0,"11":0,"12":0,"13":0,"14":0,"15":0,"16":0,"17":0,"18":0,"19":0,"20":0,"21":0,"22":0,"23":0,"24":0,"25":0,"26":0,"27":0,"28":0,"29":0},"b":{},"f":{"1":0,"2":0,"3":0,"4":0,"5":0,"6":0,"7":0,"8":0,"9":0,"10":0,"11":0,"12":0},"fnMap":{"1":{"name":"(anonymous_1)","line":1,"loc":{"start":{"line":1,"column":18},"end":{"line":1,"column":29}}},"2":{"name":"(anonymous_2)","line":5,"loc":{"start":{"line":5,"column":13},"end":{"line":5,"column":24}}},"3":{"name":"(anonymous_3)","line":10,"loc":{"start":{"line":10,"column":32},"end":{"line":10,"column":42}}},"4":{"name":"(anonymous_4)","line":12,"loc":{"start":{"line":12,"column":43},"end":{"line":12,"column":53}}},"5":{"name":"(anonymous_5)","line":16,"loc":{"start":{"line":16,"column":60},"end":{"line":16,"column":71}}},"6":{"name":"(anonymous_6)","line":21,"loc":{"start":{"line":21,"column":61},"end":{"line":21,"column":72}}},"7":{"name":"(anonymous_7)","line":26,"loc":{"start":{"line":26,"column":60},"end":{"line":26,"column":71}}},"8":{"name":"(anonymous_8)","line":31,"loc":{"start":{"line":31,"column":61},"end":{"line":31,"column":72}}},"9":{"name":"(anonymous_9)","line":36,"loc":{"start":{"line":36,"column":47},"end":{"line":36,"column":58}}},"10":{"name":"(anonymous_10)","line":41,"loc":{"start":{"line":41,"column":62},"end":{"line":41,"column":73}}},"11":{"name":"(anonymous_11)","line":45,"loc":{"start":{"line":45,"column":60},"end":{"line":45,"column":70}}},"12":{"name":"(anonymous_12)","line":49,"loc":{"start":{"line":49,"column":45},"end":{"line":49,"column":56}}}},"statementMap":{"1":{"start":{"line":1,"column":0},"end":{"line":56,"column":3}},"2":{"start":{"line":3,"column":2},"end":{"line":3,"column":11}},"3":{"start":{"line":5,"column":2},"end":{"line":7,"column":5}},"4":{"start":{"line":6,"column":4},"end":{"line":6,"column":22}},"5":{"start":{"line":10,"column":2},"end":{"line":54,"column":5}},"6":{"start":{"line":12,"column":4},"end":{"line":14,"column":7}},"7":{"start":{"line":13,"column":6},"end":{"line":13,"column":143}},"8":{"start":{"line":16,"column":4},"end":{"line":19,"column":7}},"9":{"start":{"line":17,"column":6},"end":{"line":17,"column":24}},"10":{"start":{"line":18,"column":6},"end":{"line":18,"column":54}},"11":{"start":{"line":21,"column":4},"end":{"line":24,"column":7}},"12":{"start":{"line":22,"column":6},"end":{"line":22,"column":24}},"13":{"start":{"line":23,"column":6},"end":{"line":23,"column":86}},"14":{"start":{"line":26,"column":4},"end":{"line":29,"column":7}},"15":{"start":{"line":27,"column":6},"end":{"line":27,"column":24}},"16":{"start":{"line":28,"column":6},"end":{"line":28,"column":84}},"17":{"start":{"line":31,"column":4},"end":{"line":34,"column":7}},"18":{"start":{"line":32,"column":6},"end":{"line":32,"column":24}},"19":{"start":{"line":33,"column":6},"end":{"line":33,"column":60}},"20":{"start":{"line":36,"column":4},"end":{"line":39,"column":7}},"21":{"start":{"line":37,"column":6},"end":{"line":37,"column":24}},"22":{"start":{"line":38,"column":6},"end":{"line":38,"column":90}},"23":{"start":{"line":41,"column":4},"end":{"line":43,"column":7}},"24":{"start":{"line":42,"column":6},"end":{"line":42,"column":92}},"25":{"start":{"line":45,"column":4},"end":{"line":47,"column":7}},"26":{"start":{"line":46,"column":6},"end":{"line":46,"column":64}},"27":{"start":{"line":49,"column":4},"end":{"line":52,"column":7}},"28":{"start":{"line":50,"column":6},"end":{"line":50,"column":29}},"29":{"start":{"line":51,"column":6},"end":{"line":51,"column":51}}},"branchMap":{}}}