{"public/js/bank.js":{"path":"public/js/bank.js","s":{"1":1,"2":9,"3":9,"4":1,"5":5,"6":5,"7":1,"8":4,"9":4,"10":4,"11":1,"12":3,"13":3,"14":1,"15":2,"16":1,"17":1,"18":1,"19":0},"b":{},"f":{"1":9,"2":5,"3":4,"4":3,"5":2,"6":1,"7":0},"fnMap":{"1":{"name":"(anonymous_1)","line":1,"loc":{"start":{"line":1,"column":11},"end":{"line":1,"column":21}}},"2":{"name":"(anonymous_2)","line":31,"loc":{"start":{"line":31,"column":27},"end":{"line":31,"column":51}}},"3":{"name":"(anonymous_3)","line":36,"loc":{"start":{"line":36,"column":24},"end":{"line":36,"column":62}}},"4":{"name":"(anonymous_4)","line":66,"loc":{"start":{"line":66,"column":31},"end":{"line":66,"column":55}}},"5":{"name":"(anonymous_5)","line":71,"loc":{"start":{"line":71,"column":30},"end":{"line":71,"column":69}}},"6":{"name":"(anonymous_6)","line":75,"loc":{"start":{"line":75,"column":32},"end":{"line":75,"column":57}}},"7":{"name":"(anonymous_7)","line":79,"loc":{"start":{"line":79,"column":31},"end":{"line":79,"column":42}}}},"statementMap":{"1":{"start":{"line":1,"column":0},"end":{"line":29,"column":2}},"2":{"start":{"line":3,"column":1},"end":{"line":25,"column":2}},"3":{"start":{"line":27,"column":1},"end":{"line":27,"column":25}},"4":{"start":{"line":31,"column":0},"end":{"line":34,"column":2}},"5":{"start":{"line":32,"column":1},"end":{"line":32,"column":55}},"6":{"start":{"line":33,"column":1},"end":{"line":33,"column":25}},"7":{"start":{"line":36,"column":0},"end":{"line":40,"column":2}},"8":{"start":{"line":37,"column":3},"end":{"line":37,"column":56}},"9":{"start":{"line":38,"column":3},"end":{"line":38,"column":46}},"10":{"start":{"line":39,"column":3},"end":{"line":39,"column":44}},"11":{"start":{"line":66,"column":0},"end":{"line":69,"column":2}},"12":{"start":{"line":67,"column":1},"end":{"line":67,"column":55}},"13":{"start":{"line":68,"column":1},"end":{"line":68,"column":25}},"14":{"start":{"line":71,"column":0},"end":{"line":73,"column":2}},"15":{"start":{"line":72,"column":2},"end":{"line":72,"column":64}},"16":{"start":{"line":75,"column":0},"end":{"line":77,"column":2}},"17":{"start":{"line":76,"column":1},"end":{"line":76,"column":45}},"18":{"start":{"line":79,"column":0},"end":{"line":81,"column":2}},"19":{"start":{"line":80,"column":1},"end":{"line":80,"column":55}}},"branchMap":{}},"public/js/dice.js":{"path":"public/js/dice.js","s":{"1":1,"2":1,"3":0},"b":{},"f":{"1":1,"2":0},"fnMap":{"1":{"name":"(anonymous_1)","line":1,"loc":{"start":{"line":1,"column":11},"end":{"line":1,"column":21}}},"2":{"name":"(anonymous_2)","line":5,"loc":{"start":{"line":5,"column":26},"end":{"line":5,"column":37}}}},"statementMap":{"1":{"start":{"line":1,"column":0},"end":{"line":3,"column":2}},"2":{"start":{"line":5,"column":0},"end":{"line":7,"column":2}},"3":{"start":{"line":6,"column":1},"end":{"line":6,"column":44}}},"branchMap":{}},"public/js/interface.js":{"path":"public/js/interface.js","s":{"1":1,"2":0,"3":0,"4":0,"5":0,"6":0,"7":0,"8":0,"9":0,"10":0,"11":0,"12":0,"13":0,"14":0,"15":0,"16":0,"17":0,"18":0,"19":0,"20":0,"21":0,"22":0,"23":0,"24":0,"25":0,"26":0,"27":0,"28":0},"b":{"1":[0,0],"2":[0,0]},"f":{"1":0,"2":0,"3":0,"4":0},"fnMap":{"1":{"name":"(anonymous_1)","line":1,"loc":{"start":{"line":1,"column":18},"end":{"line":1,"column":29}}},"2":{"name":"(anonymous_2)","line":7,"loc":{"start":{"line":7,"column":24},"end":{"line":7,"column":35}}},"3":{"name":"(anonymous_3)","line":20,"loc":{"start":{"line":20,"column":22},"end":{"line":20,"column":33}}},"4":{"name":"(anonymous_4)","line":34,"loc":{"start":{"line":34,"column":23},"end":{"line":34,"column":34}}}},"statementMap":{"1":{"start":{"line":1,"column":0},"end":{"line":45,"column":3}},"2":{"start":{"line":3,"column":1},"end":{"line":3,"column":23}},"3":{"start":{"line":4,"column":1},"end":{"line":4,"column":23}},"4":{"start":{"line":5,"column":1},"end":{"line":5,"column":25}},"5":{"start":{"line":7,"column":1},"end":{"line":16,"column":4}},"6":{"start":{"line":8,"column":3},"end":{"line":8,"column":46}},"7":{"start":{"line":9,"column":3},"end":{"line":9,"column":33}},"8":{"start":{"line":10,"column":3},"end":{"line":10,"column":27}},"9":{"start":{"line":11,"column":3},"end":{"line":11,"column":47}},"10":{"start":{"line":12,"column":3},"end":{"line":12,"column":40}},"11":{"start":{"line":13,"column":3},"end":{"line":13,"column":40}},"12":{"start":{"line":14,"column":3},"end":{"line":14,"column":40}},"13":{"start":{"line":15,"column":3},"end":{"line":15,"column":40}},"14":{"start":{"line":18,"column":1},"end":{"line":18,"column":45}},"15":{"start":{"line":20,"column":1},"end":{"line":30,"column":4}},"16":{"start":{"line":21,"column":3},"end":{"line":21,"column":53}},"17":{"start":{"line":22,"column":3},"end":{"line":29,"column":4}},"18":{"start":{"line":23,"column":5},"end":{"line":23,"column":45}},"19":{"start":{"line":24,"column":5},"end":{"line":24,"column":60}},"20":{"start":{"line":27,"column":5},"end":{"line":27,"column":50}},"21":{"start":{"line":28,"column":5},"end":{"line":28,"column":60}},"22":{"start":{"line":32,"column":1},"end":{"line":32,"column":34}},"23":{"start":{"line":34,"column":2},"end":{"line":43,"column":5}},"24":{"start":{"line":35,"column":4},"end":{"line":35,"column":47}},"25":{"start":{"line":36,"column":4},"end":{"line":36,"column":55}},"26":{"start":{"line":38,"column":4},"end":{"line":40,"column":5}},"27":{"start":{"line":39,"column":6},"end":{"line":39,"column":28}},"28":{"start":{"line":42,"column":4},"end":{"line":42,"column":27}}},"branchMap":{"1":{"line":22,"type":"if","locations":[{"start":{"line":22,"column":3},"end":{"line":22,"column":3}},{"start":{"line":22,"column":3},"end":{"line":22,"column":3}}]},"2":{"line":38,"type":"if","locations":[{"start":{"line":38,"column":4},"end":{"line":38,"column":4}},{"start":{"line":38,"column":4},"end":{"line":38,"column":4}}]}}},"public/js/player.js":{"path":"public/js/player.js","s":{"1":1,"2":0,"3":0,"4":0,"5":0,"6":0,"7":0,"8":0,"9":0,"10":0,"11":0,"12":1,"13":0,"14":0,"15":0,"16":0,"17":0,"18":0,"19":0,"20":0,"21":0,"22":0,"23":1,"24":0,"25":0,"26":1,"27":0,"28":0,"29":0,"30":0,"31":0,"32":0,"33":0},"b":{"1":[0,0],"2":[0,0],"3":[0,0]},"f":{"1":0,"2":0,"3":0,"4":0,"5":0},"fnMap":{"1":{"name":"(anonymous_1)","line":1,"loc":{"start":{"line":1,"column":13},"end":{"line":1,"column":31}}},"2":{"name":"(anonymous_2)","line":17,"loc":{"start":{"line":17,"column":25},"end":{"line":17,"column":44}}},"3":{"name":"(anonymous_3)","line":28,"loc":{"start":{"line":28,"column":9},"end":{"line":28,"column":19}}},"4":{"name":"(anonymous_4)","line":36,"loc":{"start":{"line":36,"column":32},"end":{"line":36,"column":43}}},"5":{"name":"(anonymous_5)","line":43,"loc":{"start":{"line":43,"column":42},"end":{"line":43,"column":61}}}},"statementMap":{"1":{"start":{"line":1,"column":0},"end":{"line":13,"column":3}},"2":{"start":{"line":2,"column":2},"end":{"line":2,"column":79}},"3":{"start":{"line":3,"column":2},"end":{"line":3,"column":46}},"4":{"start":{"line":4,"column":2},"end":{"line":4,"column":17}},"5":{"start":{"line":5,"column":2},"end":{"line":5,"column":17}},"6":{"start":{"line":7,"column":2},"end":{"line":7,"column":25}},"7":{"start":{"line":8,"column":2},"end":{"line":8,"column":20}},"8":{"start":{"line":9,"column":2},"end":{"line":9,"column":27}},"9":{"start":{"line":10,"column":2},"end":{"line":10,"column":28}},"10":{"start":{"line":11,"column":2},"end":{"line":11,"column":28}},"11":{"start":{"line":12,"column":2},"end":{"line":12,"column":29}},"12":{"start":{"line":17,"column":1},"end":{"line":34,"column":3}},"13":{"start":{"line":18,"column":2},"end":{"line":18,"column":62}},"14":{"start":{"line":19,"column":2},"end":{"line":19,"column":37}},"15":{"start":{"line":20,"column":2},"end":{"line":20,"column":33}},"16":{"start":{"line":21,"column":2},"end":{"line":21,"column":33}},"17":{"start":{"line":22,"column":2},"end":{"line":22,"column":32}},"18":{"start":{"line":24,"column":2},"end":{"line":33,"column":4}},"19":{"start":{"line":25,"column":4},"end":{"line":25,"column":20}},"20":{"start":{"line":26,"column":4},"end":{"line":32,"column":6}},"21":{"start":{"line":29,"column":8},"end":{"line":29,"column":33}},"22":{"start":{"line":30,"column":8},"end":{"line":30,"column":27}},"23":{"start":{"line":36,"column":1},"end":{"line":40,"column":3}},"24":{"start":{"line":37,"column":2},"end":{"line":39,"column":3}},"25":{"start":{"line":38,"column":4},"end":{"line":38,"column":80}},"26":{"start":{"line":43,"column":1},"end":{"line":53,"column":3}},"27":{"start":{"line":44,"column":2},"end":{"line":44,"column":49}},"28":{"start":{"line":45,"column":2},"end":{"line":47,"column":3}},"29":{"start":{"line":46,"column":4},"end":{"line":46,"column":16}},"30":{"start":{"line":49,"column":2},"end":{"line":49,"column":48}},"31":{"start":{"line":50,"column":2},"end":{"line":50,"column":78}},"32":{"start":{"line":51,"column":2},"end":{"line":51,"column":78}},"33":{"start":{"line":52,"column":2},"end":{"line":52,"column":15}}},"branchMap":{"1":{"line":22,"type":"cond-expr","locations":[{"start":{"line":22,"column":21},"end":{"line":22,"column":25}},{"start":{"line":22,"column":28},"end":{"line":22,"column":31}}]},"2":{"line":37,"type":"if","locations":[{"start":{"line":37,"column":2},"end":{"line":37,"column":2}},{"start":{"line":37,"column":2},"end":{"line":37,"column":2}}]},"3":{"line":45,"type":"if","locations":[{"start":{"line":45,"column":2},"end":{"line":45,"column":2}},{"start":{"line":45,"column":2},"end":{"line":45,"column":2}}]}}}}