{"/Users/LukeNukem/Documents/Projects/Makopolis/Gruntfile.js":{"path":"/Users/LukeNukem/Documents/Projects/Makopolis/Gruntfile.js","s":{"1":1,"2":1,"3":1,"4":1,"5":1,"6":1,"7":1,"8":1,"9":1,"10":1},"b":{},"f":{"1":1},"fnMap":{"1":{"name":"(anonymous_1)","line":1,"loc":{"start":{"line":1,"column":17},"end":{"line":1,"column":33}}}},"statementMap":{"1":{"start":{"line":1,"column":0},"end":{"line":84,"column":2}},"2":{"start":{"line":3,"column":1},"end":{"line":71,"column":4}},"3":{"start":{"line":75,"column":1},"end":{"line":75,"column":44}},"4":{"start":{"line":76,"column":1},"end":{"line":76,"column":45}},"5":{"start":{"line":77,"column":1},"end":{"line":77,"column":43}},"6":{"start":{"line":78,"column":1},"end":{"line":78,"column":42}},"7":{"start":{"line":79,"column":1},"end":{"line":79,"column":44}},"8":{"start":{"line":80,"column":1},"end":{"line":80,"column":44}},"9":{"start":{"line":82,"column":1},"end":{"line":82,"column":62}},"10":{"start":{"line":83,"column":1},"end":{"line":83,"column":40}}},"branchMap":{}}}